<?xml version="1.0" encoding="UTF-8"?>
<!-- Generated by org.testng.reporters.JUnitReportReporter -->
<testsuite hostname="DESKTOP-E422EC1" name="onlineTest.BasicTest" tests="1" failures="0" timestamp="27 Sep 2021 21:51:46 GMT" time="0.004" errors="0">
  <testcase name="verifyWebPageTitle" time="0.004" classname="onlineTest.BasicTest"/>
</testsuite> <!-- onlineTest.BasicTest -->
